0 info it worked if it ends with ok
1 verbose cli [ 'C:\\Program Files\\nodejs\\node.exe',
1 verbose cli   'C:\\Program Files\\nodejs\\node_modules\\npm\\bin\\npm-cli.js',
1 verbose cli   'start' ]
2 info using npm@3.10.10
3 info using node@v7.2.1
4 verbose run-script [ 'prestart', 'start', 'poststart' ]
5 info lifecycle product-management@1.0.0~prestart: product-management@1.0.0
6 silly lifecycle product-management@1.0.0~prestart: no script for prestart, continuing
7 info lifecycle product-management@1.0.0~start: product-management@1.0.0
8 verbose lifecycle product-management@1.0.0~start: unsafe-perm in lifecycle true
9 verbose lifecycle product-management@1.0.0~start: PATH: F:\software\nvm\v7.2.1\node_modules\npm\bin\node-gyp-bin;F:\training\Angular2-GettingStarted-Workspace\angular2-gettingstarted\node_modules\.bin;F:\software\apache-ant-1.9.4\bin;F:\pkg\dev-env\maven\bin;C:\software\java\jdk1.7.0_51\bin;C:\Program Files (x86)\NVIDIA Corporation\PhysX\Common;C:\Program Files\Common Files\Microsoft Shared\Windows Live;C:\Program Files (x86)\Common Files\Microsoft Shared\Windows Live;C:\Program Files (x86)\AMD APP\bin\x86_64;C:\Program Files (x86)\AMD APP\bin\x86;C:\Windows\system32;C:\Windows;C:\Windows\System32\Wbem;C:\Windows\System32\WindowsPowerShell\v1.0\;C:\Program Files (x86)\ATI Technologies\ATI.ACE\Core-Static;C:\Program Files (x86)\Windows Live\Shared;C:\HashiCorp\Vagrant\bin;C:\Program Files (x86)\QuickTime\QTSystem\;F:\software\nvm;C:\Program Files\nodejs;C:\Program Files\Git\cmd;F:\software\Brackets\command;C:\Program Files\TortoiseGit\bin;C:\Users\dennis\AppData\Roaming\npm;F:\software\nvm;C:\Program Files\nodejs;F:\software\Vim\vim80;C:\Program Files (x86)\Microsoft VS Code\bin;C:\Program Files\Heroku\bin
10 verbose lifecycle product-management@1.0.0~start: CWD: F:\training\Angular2-GettingStarted-Workspace\angular2-gettingstarted
11 silly lifecycle product-management@1.0.0~start: Args: [ '/d /s /c', 'tsc && concurrently "tsc -w" "lite-server" ' ]
12 verbose stack Error: kill ENOSYS
12 verbose stack     at exports._errnoException (util.js:1022:11)
12 verbose stack     at process.kill (internal/process.js:173:13)
12 verbose stack     at process.listener (F:\software\nvm\v7.2.1\node_modules\npm\node_modules\npmlog\node_modules\gauge\node_modules\signal-exit\index.js:86:15)
12 verbose stack     at emitNone (events.js:91:20)
12 verbose stack     at process.emit (events.js:185:7)
12 verbose stack     at processEmit (F:\software\nvm\v7.2.1\node_modules\npm\node_modules\npmlog\node_modules\gauge\node_modules\signal-exit\index.js:146:32)
12 verbose stack     at processEmit (F:\software\nvm\v7.2.1\node_modules\npm\node_modules\npm-registry-client\node_modules\npmlog\node_modules\gauge\node_modules\signal-exit\index.js:146:32)
12 verbose stack     at Signal.wrap.onsignal (internal/process.js:200:44)
13 verbose cwd F:\training\Angular2-GettingStarted-Workspace\angular2-gettingstarted
14 error Windows_NT 6.1.7601
15 error argv "C:\\Program Files\\nodejs\\node.exe" "C:\\Program Files\\nodejs\\node_modules\\npm\\bin\\npm-cli.js" "start"
16 error node v7.2.1
17 error npm  v3.10.10
18 error code ENOSYS
19 error errno ENOSYS
20 error syscall kill
21 error kill ENOSYS
22 error If you need help, you may report this error at:
22 error     <https://github.com/npm/npm/issues>
23 verbose exit [ 1, true ]
